Unknown column '19ИльяБондарев' in 'field list' in (insert into replies (`id_img`, `name`, `content`) values (19ИльяБондарев))
Unknown column '19ИльяБондарев' in 'field list' in (insert into replies (`id_img`, `name`, `content`) values (19ИльяБондарев))
Unknown column '19ИльяБондарев' in 'field list' in (insert into replies (`id_img`, `name`, `content`) values (19ИльяБондарев))
Unknown column '19ИльяБондарев' in 'field list' in (insert into replies (`id_img`, `name`, `content`) values (19ИльяБондарев))
Unknown column '19ИльяБондарев' in 'field list' in (insert into replies (`id_img`, `name`, `content`) values (19ИльяБондарев))
Unknown column 'выапрыар' in 'field list' in (insert into replies (`id`, `id_img`, `name`, `content`) values (NULL,19,выапрыар,ыварыарыа))
Unknown column 'ячиячсия' in 'field list' in (insert into replies (`id`, `id_img`, `name`, `content`) values (NULL,19,ячиячсия,ямсисмися))
Unknown column 'wsaf' in 'field list' in (insert into replies (`id`, `id_img`, `name`, `content`) values (NULL,19,wsaf,asdfasdf))
Unknown column 'wsaf' in 'field list' in (insert into replies (`id`, `id_img`, `name`, `content`) values (NULL,19,wsaf,asdfasdf))
Unknown column 'wsaf' in 'field list' in (insert into replies (`id`, `id_img`, `name`, `content`) values (NULL,19,wsaf,asdfasdf))
Unknown column 'Имя' in 'field list' in (insert into replies (`id`, `id_img`, `name`, `content`) values (NULL,19,Имя,фывафыва))
Unknown column 'Имя' in 'field list' in (insert into replies (`id_img`, `name`, `content`) values (19,Имя,фывафыва))
Unknown column 'фывпва' in 'field list' in (insert into replies (`id_img`, `name`, `content`) values (19,фывпва,фвапфва))
Unknown column 'фывпва' in 'field list' in (insert into replies (`id_img`, `name`, `content`) values (19,фывпва,фвапфва))
Unknown column 'фывпвап' in 'field list' in (insert into replies (`id_img`, `name`, `content`) values (19,фывпвап,фвапфвапфвап))
Unknown column 'фывпвап' in 'field list' in (insert into replies (`id_img`, `name`, `content`) values (19,фывпвап,фвапфвапфвап))
Unknown column 'фывпвап' in 'field list' in (insert into replies (`id_img`, `name`, `content`) values (19, фывпвап, фвапфвапфвап);)
Unknown column 'gdfh' in 'field list' in (insert into replies (`id_img`, `name`, `content`) values (19, gdfh, sdhs);)
Unknown column 'gdfh' in 'field list' in (insert into replies (`id`, `id_img`, `name`, `content`) values (NULL, 19, gdfh, sdhs);)
Unknown column 'ПФавраыопр' in 'field list' in (insert into replies (`id`, `id_img`, `name`, `content`) values (NULL, 19, ПФавраыопр, аповрпсрт);)
Unknown column 'ПФавраыопр' in 'field list' in (insert into `replies` (`id`, `id_img`, `name`, `content`) values (NULL, 19, ПФавраыопр, аповрпсрт);)
Unknown column 'ПФавраыопр' in 'field list' in (insert into `replies` values (NULL, 19, ПФавраыопр, аповрпсрт);)
Unknown column 'Имя' in 'field list' in (insert into `replies` values (NULL, 19, Имя, Фамилия);)
Unknown column 'Имя' in 'field list' in (insert into `replies` values (NULL, 19, Имя, Фамилия);)
Unknown column 'Имя' in 'field list' in (insert into `replies` values (19, Имя, Фамилия);)
Unknown column 'фвыафвавы' in 'field list' in (insert into `replies` values (19, фвыафвавы, фывафыва);)
Unknown column 'фвыафвавы' in 'field list' in (insert into `replies` values (19, фвыафвавы, фывафыва);)
Unknown column 'фвыафвавы' in 'field list' in (insert into `replies` values (NULL, 19, фвыафвавы, фывафыва);)
Unknown column 'фвыафвавы' in 'field list' in (insert into `replies` values (NULL, 19, фвыафвавы, фывафыва);)
Column count doesn't match value count at row 1 in (insert into `replies` (`id`, `id_img`, `name`, `content`) values ('19', 'фвыафвавы', 'фывафыва');)
Column count doesn't match value count at row 1 in (insert into `replies` (`id`, `id_img`, `name`, `content`) values ('19', 'ячиячсия', 'asdfasdf');)
Column count doesn't match value count at row 1 in (insert into `replies` (`id`, `id_img`, `name`, `content`) values ('19', 'ячиячсия', 'asdfasdf');)
Column count doesn't match value count at row 1 in (insert into `replies` (`id`, `id_img`, `name`, `content`) values ('19', 'ячиячсия', 'asdfasdf');)
